Arguments: 
  C:\Program Files\nodejs\node.exe C:\Users\Galex\AppData\Roaming\npm\node_modules\yarn\bin\yarn.js add fs del cssnano atImport atImport gulp shell replace runSequence path rev htmlmin runSequence revReplace postcss concat webpack MinifyPlugin

PATH: 
  C:\Users\Galex\bin;C:\Program Files\Git\mingw64\bin;C:\Program Files\Git\usr\local\bin;C:\Program Files\Git\usr\bin;C:\Program Files\Git\usr\bin;C:\Program Files\Git\mingw64\bin;C:\Program Files\Git\usr\bin;C:\Users\Galex\bin;C:\Program Files\ImageMagick-7.0.6-Q16;C:\program files\graphicsmagick-1.3.26-q8;C:\ProgramData\Oracle\Java\javapath;C:\Program Files\ImageMagick-7.0.1-Q16;C:\Ruby22-x64\bin;C:\Program Files (x86)\Intel\iCLS Client;C:\Program Files\Intel\iCLS Client;C:\Windows\system32;C:\Windows;C:\Windows\System32\Wbem;C:\Windows\System32\WindowsPowerShell\v1.0;C:\Program Files\Intel\WiFi\bin;C:\Program Files\Common Files\Intel\WirelessCommon;C:\Program Files\Intel\Intel(R) Management Engine Components\DAL;C:\Program Files (x86)\Intel\Intel(R) Management Engine Components\DAL;C:\Program Files\Intel\Intel(R) Management Engine Components\IPT;C:\Program Files (x86)\Intel\Intel(R) Management Engine Components\IPT;C:\Program Files\Sublime Text 3;C:\Program Files\Microsoft SQL Server\110\Tools\Binn;C:\Program Files (x86)\Microsoft SDKs\TypeScript\1.0;C:\Program Files\Microsoft SQL Server\120\Tools\Binn;C:\Program Files\Microsoft Windows Performance Toolkit;C:\Program Files\MATLAB\R2012a\runtime\win64;C:\Program Files\MATLAB\R2012a\bin;C:\iverilog\bin;C:\Program Files (x86)\ATI Technologies\ATI.ACE;C:\Users\Galex\AppData\Roaming\nvm;C:\Program Files\nodejs;C:\ProgramData\chocolatey\bin;C:\Program Files (x86)\Skype\Phone;C:\Program Files\nodejs;C:\Sqlite;D:\OpenServer\modules\database\MySQL-5.5\bin;C:\HashiCorp\Vagrant\bin;C:\Program Files\dotnet;C:\ProgramData\ComposerSetup\bin;C:\Users\Galex\AppData\Local\Programs\Python\Python36-32\Scripts;C:\Users\Galex\AppData\Local\Programs\Python\Python36-32;C:\Users\Galex\.cargo\bin;C:\Program Files\Intel\WiFi\bin;C:\Program Files\Common Files\Intel\WirelessCommon;C:\Users\Galex\AppData\Local\atom\bin;C:\Program Files\Docker_Toolbox;C:\Nim\nim-0.17.0\bin;C:\MinGW\bin;C:\Users\Galex\AppData\Roaming\nvm;C:\Program Files\nodejs;C:\Program Files\Microsoft VS Code\bin;C:\Users\Galex\AppData\Roaming\npm;C:\Program Files\Heroku\bin;C:\Users\Galex\.dotnet\tools;D:\OpenServer\modules\php\PHP-7.1.10;C:\Users\Galex\AppData\Roaming\Composer\vendor\bin;C:\Program Files\Git\usr\bin\vendor_perl;C:\Program Files\Git\usr\bin\core_perl

Yarn version: 
  0.21.3

Node version: 
  8.9.1

Platform: 
  win32 x64

npm manifest: 
  {
    "name": "cc",
    "version": "1.0.0",
    "description": "Coin Exchange",
    "scripts": {
      "test": "echo \"Error: no test specified\" && exit 1"
    },
    "devDependencies": {
      "@material/animation": "^0.4.1",
      "@material/button": "^0.24.0",
      "@material/dialog": "^0.24.0",
      "@material/elevation": "^0.1.13",
      "@material/form-field": "^0.24.0",
      "@material/list": "^0.24.0",
      "@material/menu": "^0.24.0",
      "@material/ripple": "^0.24.0",
      "@material/snackbar": "^0.24.0",
      "@material/switch": "^0.24.0",
      "@material/textfield": "^0.24.0",
      "@material/theme": "^0.24.0",
      "@material/toolbar": "^0.24.0",
      "@material/typography": "^0.3.0",
      "autoprefixer": "^7.1.6",
      "babel-core": "^6.26.0",
      "babel-loader": "^7.1.2",
      "babel-minify-webpack-plugin": "^0.2.0",
      "babel-plugin-external-helpers": "^6.22.0",
      "babel-plugin-syntax-dynamic-import": "^6.18.0",
      "babel-preset-env": "^1.6.1",
      "babel-preset-minify": "0.2.0",
      "cssnano": "^3.10.0",
      "del": "^3.0.0",
      "eslint": "^4.10.0",
      "eslint-config-google": "^0.9.1",
      "gulp": "^3.9.1",
      "gulp-babel": "^7.0.0",
      "gulp-concat": "^2.6.1",
      "gulp-htmlmin": "^3.0.0",
      "gulp-postcss": "^7.0.0",
      "gulp-replace": "^0.6.1",
      "gulp-rev": "^8.1.0",
      "gulp-rev-replace": "^0.4.3",
      "gulp-shell": "^0.6.3",
      "postcss": "^6.0.14",
      "postcss-cssnext": "^3.0.2",
      "postcss-import": "^11.0.0",
      "run-sequence": "^2.2.0",
      "webfontloader": "^1.6.28",
      "webpack": "^3.8.1"
    },
    "license": "ISC"
  }

yarn manifest: 
  No manifest

Lockfile: 
  No lockfile

Trace: 
  Error: https://registry.yarnpkg.com/atImport: Not found
      at Request.params.callback [as _callback] (C:\Users\Galex\AppData\Roaming\npm\node_modules\yarn\lib\util\request-manager.js:313:18)
      at Request.self.callback (C:\Users\Galex\AppData\Roaming\npm\node_modules\yarn\node_modules\request\request.js:188:22)
      at emitTwo (events.js:126:13)
      at Request.emit (events.js:214:7)
      at Request.<anonymous> (C:\Users\Galex\AppData\Roaming\npm\node_modules\yarn\node_modules\request\request.js:1171:10)
      at emitOne (events.js:116:13)
      at Request.emit (events.js:211:7)
      at IncomingMessage.<anonymous> (C:\Users\Galex\AppData\Roaming\npm\node_modules\yarn\node_modules\request\request.js:1091:12)
      at Object.onceWrapper (events.js:313:30)
      at emitNone (events.js:111:20)
